-------------------------------------------------------------------------------
Test set: application.run.EmployeeDataKafkaCqrsMongoDbRestApplicationTests
-------------------------------------------------------------------------------
Tests run: 1, Failures: 0, Errors: 1, Skipped: 0, Time elapsed: 0.366 s <<< FAILURE! - in application.run.EmployeeDataKafkaCqrsMongoDbRestApplicationTests
application.run.EmployeeDataKafkaCqrsMongoDbRestApplicationTests  Time elapsed: 0.365 s  <<< ERROR!
java.lang.IllegalStateException: Unable to find a @SpringBootConfiguration, you need to use @ContextConfiguration or @SpringBootTest(classes=...) with your test

