<?xml version="1.0" encoding="UTF-8"?>
<testsuite xmlns:xsi="http://www.w3.org/2001/XMLSchema-instance" xsi:noNamespaceSchemaLocation="https://maven.apache.org/surefire/maven-surefire-plugin/xsd/surefire-test-report.xsd" name="application.run.EmployeeDataKafkaCqrsMongoDbRestApplicationTests" time="0.366" tests="1" errors="1" skipped="0" failures="0">
  <properties>
[...]
</properties>
  <testcase name="application.run.EmployeeDataKafkaCqrsMongoDbRestApplicationTests" classname="application.run.EmployeeDataKafkaCqrsMongoDbRestApplicationTests" time="0.365">
    <error message="Unable to find a @SpringBootConfiguration, you need to use @ContextConfiguration or @SpringBootTest(classes=...) with your test" type="java.lang.IllegalStateException">java.lang.IllegalStateException: Unable to find a @SpringBootConfiguration, you need to use @ContextConfiguration or @SpringBootTest(classes=...) with your test
</error>
    <system-out><![CDATA[10:43:39.728 [main] DEBUG org.springframework.test.context.BootstrapUtils - Instantiating CacheAwareContextLoaderDelegate from class [org.springframework.test.context.cache.DefaultCacheAwareContextLoaderDelegate]
10:43:39.746 [main] DEBUG org.springframework.test.context.BootstrapUtils - Instantiating BootstrapContext using constructor [public org.springframework.test.context.support.DefaultBootstrapContext(java.lang.Class,org.springframework.test.context.CacheAwareContextLoaderDelegate)]
10:43:39.801 [main] DEBUG org.springframework.test.context.BootstrapUtils - Instantiating TestContextBootstrapper for test class [application.run.EmployeeDataKafkaCqrsMongoDbRestApplicationTests] from class [org.springframework.boot.test.context.SpringBootTestContextBootstrapper]
10:43:39.820 [main] INFO org.springframework.boot.test.context.SpringBootTestContextBootstrapper - Neither @ContextConfiguration nor @ContextHierarchy found for test class [application.run.EmployeeDataKafkaCqrsMongoDbRestApplicationTests], using SpringBootContextLoader
10:43:39.826 [main] DEBUG org.springframework.test.context.support.AbstractContextLoader - Did not detect default resource location for test class [application.run.EmployeeDataKafkaCqrsMongoDbRestApplicationTests]: class path resource [application/run/EmployeeDataKafkaCqrsMongoDbRestApplicationTests-context.xml] does not exist
10:43:39.826 [main] DEBUG org.springframework.test.context.support.AbstractContextLoader - Did not detect default resource location for test class [application.run.EmployeeDataKafkaCqrsMongoDbRestApplicationTests]: class path resource [application/run/EmployeeDataKafkaCqrsMongoDbRestApplicationTestsContext.groovy] does not exist
10:43:39.827 [main] INFO org.springframework.test.context.support.AbstractContextLoader - Could not detect default resource locations for test class [application.run.EmployeeDataKafkaCqrsMongoDbRestApplicationTests]: no resource found for suffixes {-context.xml, Context.groovy}.
10:43:39.828 [main] INFO org.springframework.test.context.support.AnnotationConfigContextLoaderUtils - Could not detect default configuration classes for test class [application.run.EmployeeDataKafkaCqrsMongoDbRestApplicationTests]: EmployeeDataKafkaCqrsMongoDbRestApplicationTests does not declare any static, non-private, non-final, nested classes annotated with @Configuration.
10:43:39.914 [main] DEBUG org.springframework.test.context.support.ActiveProfilesUtils - Could not find an 'annotation declaring class' for annotation type [org.springframework.test.context.ActiveProfiles] and class [application.run.EmployeeDataKafkaCqrsMongoDbRestApplicationTests]
]]></system-out>
  </testcase>
</testsuite>